mode: set
go_classes/classes/DoubleList.go:25.51,27.2 1 1
go_classes/classes/DoubleList.go:30.51,31.19 1 1
go_classes/classes/DoubleList.go:31.19,33.3 1 1
go_classes/classes/DoubleList.go:34.2,37.12 4 1
go_classes/classes/DoubleList.go:41.42,43.19 2 1
go_classes/classes/DoubleList.go:43.19,45.3 1 1
go_classes/classes/DoubleList.go:45.8,47.3 1 1
go_classes/classes/DoubleList.go:48.2,48.18 1 1
go_classes/classes/DoubleList.go:52.42,54.19 2 1
go_classes/classes/DoubleList.go:54.19,56.3 1 1
go_classes/classes/DoubleList.go:56.8,58.3 1 1
go_classes/classes/DoubleList.go:59.2,59.18 1 1
go_classes/classes/DoubleList.go:63.42,64.19 1 1
go_classes/classes/DoubleList.go:64.19,66.3 1 1
go_classes/classes/DoubleList.go:67.2,68.19 2 1
go_classes/classes/DoubleList.go:68.19,70.3 1 1
go_classes/classes/DoubleList.go:70.8,72.3 1 1
go_classes/classes/DoubleList.go:73.2,73.12 1 1
go_classes/classes/DoubleList.go:77.42,78.19 1 1
go_classes/classes/DoubleList.go:78.19,80.3 1 1
go_classes/classes/DoubleList.go:81.2,82.19 2 1
go_classes/classes/DoubleList.go:82.19,84.3 1 1
go_classes/classes/DoubleList.go:84.8,86.3 1 1
go_classes/classes/DoubleList.go:87.2,87.12 1 1
go_classes/classes/DoubleList.go:91.53,93.21 2 1
go_classes/classes/DoubleList.go:93.21,94.25 1 1
go_classes/classes/DoubleList.go:94.25,96.4 1 1
go_classes/classes/DoubleList.go:97.3,97.25 1 1
go_classes/classes/DoubleList.go:99.2,99.12 1 1
go_classes/classes/DoubleList.go:103.66,105.23 2 1
go_classes/classes/DoubleList.go:105.23,107.3 1 1
go_classes/classes/DoubleList.go:109.2,109.26 1 1
go_classes/classes/DoubleList.go:109.26,112.3 2 1
go_classes/classes/DoubleList.go:114.2,117.12 4 1
go_classes/classes/DoubleList.go:121.65,123.23 2 1
go_classes/classes/DoubleList.go:123.23,125.3 1 1
go_classes/classes/DoubleList.go:127.2,127.26 1 1
go_classes/classes/DoubleList.go:127.26,130.3 2 1
go_classes/classes/DoubleList.go:132.2,135.12 4 1
go_classes/classes/DoubleList.go:139.54,141.23 2 1
go_classes/classes/DoubleList.go:141.23,143.3 1 1
go_classes/classes/DoubleList.go:144.2,144.28 1 1
go_classes/classes/DoubleList.go:144.28,146.3 1 1
go_classes/classes/DoubleList.go:148.2,149.28 2 1
go_classes/classes/DoubleList.go:149.28,151.3 1 1
go_classes/classes/DoubleList.go:153.2,154.30 2 1
go_classes/classes/DoubleList.go:154.30,156.3 1 1
go_classes/classes/DoubleList.go:158.2,158.12 1 1
go_classes/classes/DoubleList.go:162.55,164.23 2 1
go_classes/classes/DoubleList.go:164.23,166.3 1 1
go_classes/classes/DoubleList.go:167.2,167.28 1 1
go_classes/classes/DoubleList.go:167.28,169.3 1 1
go_classes/classes/DoubleList.go:171.2,172.28 2 1
go_classes/classes/DoubleList.go:172.28,174.3 1 1
go_classes/classes/DoubleList.go:176.2,177.30 2 1
go_classes/classes/DoubleList.go:177.30,179.3 1 1
go_classes/classes/DoubleList.go:180.2,180.12 1 1
go_classes/classes/DoubleList.go:184.50,186.23 2 1
go_classes/classes/DoubleList.go:186.23,188.3 1 1
go_classes/classes/DoubleList.go:190.2,190.26 1 1
go_classes/classes/DoubleList.go:190.26,192.3 1 1
go_classes/classes/DoubleList.go:193.2,193.26 1 1
go_classes/classes/DoubleList.go:193.26,195.3 1 1
go_classes/classes/DoubleList.go:197.2,199.12 3 1
go_classes/classes/DoubleList.go:203.48,206.21 3 1
go_classes/classes/DoubleList.go:206.21,209.3 2 1
go_classes/classes/DoubleList.go:210.2,210.16 1 1
go_classes/classes/DoubleList.go:214.62,215.16 1 1
go_classes/classes/DoubleList.go:216.9,217.20 1 1
go_classes/classes/DoubleList.go:217.20,220.4 2 1
go_classes/classes/DoubleList.go:221.3,223.22 3 1
go_classes/classes/DoubleList.go:223.22,226.4 2 1
go_classes/classes/DoubleList.go:227.3,227.29 1 1
go_classes/classes/DoubleList.go:228.9,229.20 1 1
go_classes/classes/DoubleList.go:229.20,232.4 2 1
go_classes/classes/DoubleList.go:233.3,235.22 3 1
go_classes/classes/DoubleList.go:235.22,238.4 2 1
go_classes/classes/DoubleList.go:239.3,239.29 1 1
go_classes/classes/DoubleList.go:240.10,241.70 1 1
go_classes/classes/DoubleList.go:243.2,243.12 1 1
go_classes/classes/DoubleList.go:247.54,249.16 2 1
go_classes/classes/DoubleList.go:249.16,251.3 1 1
go_classes/classes/DoubleList.go:252.2,255.21 3 1
go_classes/classes/DoubleList.go:255.21,256.66 1 1
go_classes/classes/DoubleList.go:256.66,258.4 1 0
go_classes/classes/DoubleList.go:259.3,259.25 1 1
go_classes/classes/DoubleList.go:261.2,261.12 1 1
go_classes/classes/DoubleList.go:265.54,267.16 2 1
go_classes/classes/DoubleList.go:267.16,269.3 1 1
go_classes/classes/DoubleList.go:270.2,277.6 5 1
go_classes/classes/DoubleList.go:277.6,279.17 2 1
go_classes/classes/DoubleList.go:279.17,280.21 1 1
go_classes/classes/DoubleList.go:280.21,281.10 1 1
go_classes/classes/DoubleList.go:283.4,283.14 1 0
go_classes/classes/DoubleList.go:285.3,285.21 1 1
go_classes/classes/DoubleList.go:288.2,288.12 1 1
go_classes/classes/DoubleList.go:292.57,294.16 2 1
go_classes/classes/DoubleList.go:294.16,296.3 1 1
go_classes/classes/DoubleList.go:297.2,300.21 3 1
go_classes/classes/DoubleList.go:300.21,302.78 1 1
go_classes/classes/DoubleList.go:302.78,304.4 1 0
go_classes/classes/DoubleList.go:305.3,305.25 1 1
go_classes/classes/DoubleList.go:308.2,308.12 1 1
go_classes/classes/DoubleList.go:312.57,314.16 2 1
go_classes/classes/DoubleList.go:314.16,316.3 1 1
go_classes/classes/DoubleList.go:317.2,323.6 5 1
go_classes/classes/DoubleList.go:323.6,325.17 2 1
go_classes/classes/DoubleList.go:325.17,326.21 1 1
go_classes/classes/DoubleList.go:326.21,327.10 1 1
go_classes/classes/DoubleList.go:329.4,329.14 1 0
go_classes/classes/DoubleList.go:331.3,331.21 1 1
go_classes/classes/DoubleList.go:334.2,334.12 1 1
go_classes/classes/FBTree.go:31.60,33.2 1 1
go_classes/classes/FBTree.go:36.52,38.2 1 1
go_classes/classes/FBTree.go:41.45,44.19 2 1
go_classes/classes/FBTree.go:44.19,47.3 2 1
go_classes/classes/FBTree.go:49.2,52.21 3 1
go_classes/classes/FBTree.go:52.21,54.26 2 1
go_classes/classes/FBTree.go:54.26,56.4 1 1
go_classes/classes/FBTree.go:56.9,58.4 1 1
go_classes/classes/FBTree.go:61.2,61.24 1 1
go_classes/classes/FBTree.go:61.24,63.3 1 1
go_classes/classes/FBTree.go:63.8,65.3 1 1
go_classes/classes/FBTree.go:69.43,70.19 1 1
go_classes/classes/FBTree.go:70.19,72.3 1 1
go_classes/classes/FBTree.go:73.2,73.32 1 1
go_classes/classes/FBTree.go:76.61,81.25 3 1
go_classes/classes/FBTree.go:81.25,83.3 1 1
go_classes/classes/FBTree.go:85.2,85.25 1 1
go_classes/classes/FBTree.go:85.25,87.3 1 1
go_classes/classes/FBTree.go:89.2,89.13 1 1
go_classes/classes/FBTree.go:93.56,97.2 3 1
go_classes/classes/FBTree.go:99.71,100.17 1 1
go_classes/classes/FBTree.go:100.17,102.3 1 1
go_classes/classes/FBTree.go:103.2,106.16 4 1
go_classes/classes/FBTree.go:111.66,112.16 1 1
go_classes/classes/FBTree.go:113.9,114.25 1 1
go_classes/classes/FBTree.go:115.9,117.18 2 1
go_classes/classes/FBTree.go:118.9,120.18 2 1
go_classes/classes/FBTree.go:121.9,123.18 2 1
go_classes/classes/FBTree.go:124.9,125.31 1 1
go_classes/classes/FBTree.go:126.10,127.64 1 1
go_classes/classes/FBTree.go:129.2,129.12 1 1
go_classes/classes/FBTree.go:134.60,135.19 1 1
go_classes/classes/FBTree.go:135.19,137.3 1 1
go_classes/classes/FBTree.go:139.2,141.21 2 1
go_classes/classes/FBTree.go:141.21,147.26 4 1
go_classes/classes/FBTree.go:147.26,149.4 1 1
go_classes/classes/FBTree.go:150.3,150.27 1 1
go_classes/classes/FBTree.go:150.27,152.4 1 1
go_classes/classes/FBTree.go:154.2,154.17 1 1
go_classes/classes/FBTree.go:157.79,158.17 1 1
go_classes/classes/FBTree.go:158.17,162.3 3 1
go_classes/classes/FBTree.go:165.78,166.17 1 1
go_classes/classes/FBTree.go:166.17,170.3 3 1
go_classes/classes/FBTree.go:173.80,174.17 1 1
go_classes/classes/FBTree.go:174.17,178.3 3 1
go_classes/classes/FBTree.go:183.77,184.17 1 1
go_classes/classes/FBTree.go:184.17,187.3 2 1
go_classes/classes/FBTree.go:188.2,190.50 3 1
go_classes/classes/FBTree.go:193.106,194.17 1 1
go_classes/classes/FBTree.go:194.17,196.13 2 1
go_classes/classes/FBTree.go:196.13,198.4 1 1
go_classes/classes/FBTree.go:198.9,200.4 1 1
go_classes/classes/FBTree.go:201.3,204.13 3 1
go_classes/classes/FBTree.go:204.13,206.4 1 1
go_classes/classes/FBTree.go:206.9,208.4 1 1
go_classes/classes/FBTree.go:210.3,211.58 2 1
go_classes/classes/FBTree.go:217.61,219.16 2 1
go_classes/classes/FBTree.go:219.16,221.3 1 1
go_classes/classes/FBTree.go:222.2,224.19 2 1
go_classes/classes/FBTree.go:224.19,226.3 1 1
go_classes/classes/FBTree.go:228.2,229.21 2 1
go_classes/classes/FBTree.go:229.21,233.66 3 1
go_classes/classes/FBTree.go:233.66,235.4 1 0
go_classes/classes/FBTree.go:237.3,237.26 1 1
go_classes/classes/FBTree.go:237.26,239.4 1 1
go_classes/classes/FBTree.go:240.3,240.27 1 1
go_classes/classes/FBTree.go:240.27,242.4 1 1
go_classes/classes/FBTree.go:244.2,244.12 1 1
go_classes/classes/FBTree.go:247.61,249.16 2 1
go_classes/classes/FBTree.go:249.16,251.3 1 1
go_classes/classes/FBTree.go:252.2,258.6 4 1
go_classes/classes/FBTree.go:258.6,261.20 2 1
go_classes/classes/FBTree.go:261.20,262.9 1 1
go_classes/classes/FBTree.go:264.3,264.17 1 1
go_classes/classes/FBTree.go:264.17,266.4 1 1
go_classes/classes/FBTree.go:267.3,267.18 1 1
go_classes/classes/FBTree.go:269.2,269.12 1 1
go_classes/classes/FBTree.go:274.63,276.16 2 1
go_classes/classes/FBTree.go:276.16,278.3 1 1
go_classes/classes/FBTree.go:279.2,281.41 2 1
go_classes/classes/FBTree.go:284.78,288.12 3 1
go_classes/classes/FBTree.go:288.12,290.3 1 1
go_classes/classes/FBTree.go:291.2,291.69 1 1
go_classes/classes/FBTree.go:291.69,293.3 1 0
go_classes/classes/FBTree.go:295.2,295.12 1 1
go_classes/classes/FBTree.go:295.12,296.72 1 1
go_classes/classes/FBTree.go:296.72,298.4 1 0
go_classes/classes/FBTree.go:299.3,299.58 1 1
go_classes/classes/FBTree.go:299.58,301.4 1 0
go_classes/classes/FBTree.go:302.3,302.59 1 1
go_classes/classes/FBTree.go:302.59,304.4 1 0
go_classes/classes/FBTree.go:306.2,306.12 1 1
go_classes/classes/FBTree.go:309.63,311.16 2 1
go_classes/classes/FBTree.go:311.16,313.3 1 1
go_classes/classes/FBTree.go:314.2,320.16 5 1
go_classes/classes/FBTree.go:320.16,324.3 2 1
go_classes/classes/FBTree.go:325.2,326.12 2 1
go_classes/classes/FBTree.go:329.81,331.69 2 1
go_classes/classes/FBTree.go:331.69,332.20 1 1
go_classes/classes/FBTree.go:332.20,334.4 1 1
go_classes/classes/FBTree.go:335.3,335.13 1 0
go_classes/classes/FBTree.go:338.2,338.32 1 1
go_classes/classes/FBTree.go:338.32,340.3 1 1
go_classes/classes/FBTree.go:342.2,342.17 1 1
go_classes/classes/FBTree.go:342.17,344.67 2 1
go_classes/classes/FBTree.go:344.67,346.4 1 1
go_classes/classes/FBTree.go:347.3,349.64 3 1
go_classes/classes/FBTree.go:349.64,351.4 1 1
go_classes/classes/FBTree.go:352.3,352.65 1 1
go_classes/classes/FBTree.go:352.65,354.4 1 0
go_classes/classes/FBTree.go:355.8,357.3 1 1
go_classes/classes/FBTree.go:358.2,358.12 1 1
go_classes/classes/ForwardList.go:23.53,25.2 1 1
go_classes/classes/ForwardList.go:28.53,30.19 2 1
go_classes/classes/ForwardList.go:30.19,32.3 1 1
go_classes/classes/ForwardList.go:34.2,38.26 4 1
go_classes/classes/ForwardList.go:38.26,42.3 3 1
go_classes/classes/ForwardList.go:43.2,43.16 1 1
go_classes/classes/ForwardList.go:47.67,48.16 1 1
go_classes/classes/ForwardList.go:48.16,50.3 1 1
go_classes/classes/ForwardList.go:51.2,53.12 3 1
go_classes/classes/ForwardList.go:57.45,59.2 1 1
go_classes/classes/ForwardList.go:62.34,63.19 1 1
go_classes/classes/ForwardList.go:63.19,66.3 2 1
go_classes/classes/ForwardList.go:67.2,68.21 2 1
go_classes/classes/ForwardList.go:68.21,71.3 2 1
go_classes/classes/ForwardList.go:72.2,72.20 1 1
go_classes/classes/ForwardList.go:76.50,77.19 1 1
go_classes/classes/ForwardList.go:77.19,79.3 1 1
go_classes/classes/ForwardList.go:80.2,82.21 3 1
go_classes/classes/ForwardList.go:82.21,85.3 2 1
go_classes/classes/ForwardList.go:86.2,87.24 2 1
go_classes/classes/ForwardList.go:91.42,94.2 2 1
go_classes/classes/ForwardList.go:97.42,99.19 2 1
go_classes/classes/ForwardList.go:99.19,102.3 2 1
go_classes/classes/ForwardList.go:103.2,104.26 2 1
go_classes/classes/ForwardList.go:104.26,106.3 1 1
go_classes/classes/ForwardList.go:107.2,107.24 1 1
go_classes/classes/ForwardList.go:111.66,112.19 1 1
go_classes/classes/ForwardList.go:112.19,114.3 1 1
go_classes/classes/ForwardList.go:116.2,116.29 1 1
go_classes/classes/ForwardList.go:116.29,119.3 2 1
go_classes/classes/ForwardList.go:121.2,122.59 2 1
go_classes/classes/ForwardList.go:122.59,124.3 1 1
go_classes/classes/ForwardList.go:126.2,126.25 1 1
go_classes/classes/ForwardList.go:126.25,128.3 1 1
go_classes/classes/ForwardList.go:129.2,129.43 1 1
go_classes/classes/ForwardList.go:133.42,134.19 1 1
go_classes/classes/ForwardList.go:134.19,136.3 1 1
go_classes/classes/ForwardList.go:137.2,138.12 2 1
go_classes/classes/ForwardList.go:142.42,143.19 1 1
go_classes/classes/ForwardList.go:143.19,145.3 1 1
go_classes/classes/ForwardList.go:147.2,147.24 1 1
go_classes/classes/ForwardList.go:147.24,150.3 2 1
go_classes/classes/ForwardList.go:152.2,153.31 2 1
go_classes/classes/ForwardList.go:153.31,155.3 1 1
go_classes/classes/ForwardList.go:156.2,157.12 2 1
go_classes/classes/ForwardList.go:161.57,162.16 1 1
go_classes/classes/ForwardList.go:162.16,164.3 1 1
go_classes/classes/ForwardList.go:165.2,165.21 1 1
go_classes/classes/ForwardList.go:165.21,167.3 1 1
go_classes/classes/ForwardList.go:168.2,169.12 2 1
go_classes/classes/ForwardList.go:173.55,174.19 1 1
go_classes/classes/ForwardList.go:174.19,176.3 1 1
go_classes/classes/ForwardList.go:177.2,177.29 1 1
go_classes/classes/ForwardList.go:177.29,179.3 1 1
go_classes/classes/ForwardList.go:180.2,180.24 1 1
go_classes/classes/ForwardList.go:180.24,182.3 1 0
go_classes/classes/ForwardList.go:184.2,184.34 1 1
go_classes/classes/ForwardList.go:184.34,186.3 1 1
go_classes/classes/ForwardList.go:188.2,191.54 3 1
go_classes/classes/ForwardList.go:191.54,192.41 1 1
go_classes/classes/ForwardList.go:192.41,196.4 3 1
go_classes/classes/ForwardList.go:197.3,197.25 1 1
go_classes/classes/ForwardList.go:200.2,200.12 1 1
go_classes/classes/ForwardList.go:200.12,202.3 1 1
go_classes/classes/ForwardList.go:203.2,203.12 1 0
go_classes/classes/ForwardList.go:207.50,208.19 1 1
go_classes/classes/ForwardList.go:208.19,210.3 1 1
go_classes/classes/ForwardList.go:212.2,212.23 1 1
go_classes/classes/ForwardList.go:212.23,214.3 1 1
go_classes/classes/ForwardList.go:216.2,217.53 2 1
go_classes/classes/ForwardList.go:217.53,219.3 1 0
go_classes/classes/ForwardList.go:221.2,221.25 1 1
go_classes/classes/ForwardList.go:221.25,224.3 2 1
go_classes/classes/ForwardList.go:225.2,225.61 1 1
go_classes/classes/ForwardList.go:229.55,231.21 2 1
go_classes/classes/ForwardList.go:231.21,232.25 1 1
go_classes/classes/ForwardList.go:232.25,234.4 1 1
go_classes/classes/ForwardList.go:235.3,235.25 1 1
go_classes/classes/ForwardList.go:237.2,237.12 1 1
go_classes/classes/ForwardList.go:241.54,243.16 2 1
go_classes/classes/ForwardList.go:243.16,245.3 1 1
go_classes/classes/ForwardList.go:246.2,249.21 3 1
go_classes/classes/ForwardList.go:249.21,250.66 1 1
go_classes/classes/ForwardList.go:250.66,252.4 1 0
go_classes/classes/ForwardList.go:253.3,253.25 1 1
go_classes/classes/ForwardList.go:255.2,255.12 1 1
go_classes/classes/ForwardList.go:259.54,261.16 2 1
go_classes/classes/ForwardList.go:261.16,263.3 1 1
go_classes/classes/ForwardList.go:264.2,271.6 5 1
go_classes/classes/ForwardList.go:271.6,273.20 2 1
go_classes/classes/ForwardList.go:273.20,274.9 1 1
go_classes/classes/ForwardList.go:276.3,276.17 1 1
go_classes/classes/ForwardList.go:276.17,278.4 1 1
go_classes/classes/ForwardList.go:280.3,280.12 1 1
go_classes/classes/ForwardList.go:280.12,283.4 2 1
go_classes/classes/ForwardList.go:283.9,285.4 1 1
go_classes/classes/ForwardList.go:287.2,287.12 1 1
go_classes/classes/ForwardList.go:291.59,293.16 2 1
go_classes/classes/ForwardList.go:293.16,295.3 1 1
go_classes/classes/ForwardList.go:296.2,300.21 4 1
go_classes/classes/ForwardList.go:300.21,303.3 2 1
go_classes/classes/ForwardList.go:305.2,306.47 2 1
go_classes/classes/ForwardList.go:306.47,308.3 1 0
go_classes/classes/ForwardList.go:309.2,309.12 1 1
go_classes/classes/ForwardList.go:313.61,315.16 2 1
go_classes/classes/ForwardList.go:315.16,317.3 1 1
go_classes/classes/ForwardList.go:318.2,323.48 5 1
go_classes/classes/ForwardList.go:323.48,325.20 1 1
go_classes/classes/ForwardList.go:325.20,327.4 1 1
go_classes/classes/ForwardList.go:328.3,328.58 1 1
go_classes/classes/ForwardList.go:331.2,331.29 1 1
go_classes/classes/ForwardList.go:331.29,332.13 1 1
go_classes/classes/ForwardList.go:332.13,334.4 1 1
go_classes/classes/ForwardList.go:334.9,336.4 1 1
go_classes/classes/ForwardList.go:338.2,338.12 1 1
go_classes/classes/MyArray.go:20.38,26.2 1 1
go_classes/classes/MyArray.go:28.61,34.2 1 1
go_classes/classes/MyArray.go:36.48,38.38 2 1
go_classes/classes/MyArray.go:38.38,40.3 1 1
go_classes/classes/MyArray.go:41.2,41.31 1 1
go_classes/classes/MyArray.go:44.52,45.38 1 1
go_classes/classes/MyArray.go:45.38,47.3 1 1
go_classes/classes/MyArray.go:48.2,49.12 2 1
go_classes/classes/MyArray.go:52.31,54.17 2 1
go_classes/classes/MyArray.go:54.17,56.3 1 1
go_classes/classes/MyArray.go:57.2,59.16 2 1
go_classes/classes/MyArray.go:59.16,61.3 1 1
go_classes/classes/MyArray.go:63.2,64.21 2 1
go_classes/classes/MyArray.go:67.39,68.26 1 1
go_classes/classes/MyArray.go:68.26,70.3 1 1
go_classes/classes/MyArray.go:71.2,72.10 2 1
go_classes/classes/MyArray.go:75.57,76.37 1 1
go_classes/classes/MyArray.go:76.37,78.3 1 1
go_classes/classes/MyArray.go:80.2,80.26 1 1
go_classes/classes/MyArray.go:80.26,82.3 1 1
go_classes/classes/MyArray.go:84.2,84.39 1 1
go_classes/classes/MyArray.go:84.39,86.3 1 1
go_classes/classes/MyArray.go:87.2,89.12 3 1
go_classes/classes/MyArray.go:92.49,94.38 2 1
go_classes/classes/MyArray.go:94.38,96.3 1 0
go_classes/classes/MyArray.go:97.2,97.31 1 1
go_classes/classes/MyArray.go:100.44,102.38 2 1
go_classes/classes/MyArray.go:102.38,104.3 1 1
go_classes/classes/MyArray.go:106.2,106.40 1 1
go_classes/classes/MyArray.go:106.40,108.3 1 1
go_classes/classes/MyArray.go:109.2,111.12 3 1
go_classes/classes/MyArray.go:114.56,115.34 1 1
go_classes/classes/MyArray.go:115.34,117.3 1 1
go_classes/classes/MyArray.go:118.2,119.12 2 1
go_classes/classes/MyArray.go:122.30,123.34 1 1
go_classes/classes/MyArray.go:123.34,125.3 1 1
go_classes/classes/MyArray.go:126.2,126.15 1 1
go_classes/classes/MyArray.go:129.34,131.2 1 1
go_classes/classes/MyArray.go:133.54,135.16 2 1
go_classes/classes/MyArray.go:135.16,137.3 1 1
go_classes/classes/MyArray.go:138.2,147.34 4 1
go_classes/classes/MyArray.go:147.34,149.3 1 1
go_classes/classes/MyArray.go:151.2,158.49 3 1
go_classes/classes/MyArray.go:158.49,160.3 1 0
go_classes/classes/MyArray.go:162.2,162.12 1 1
go_classes/classes/MyArray.go:165.54,167.16 2 1
go_classes/classes/MyArray.go:167.16,169.3 1 1
go_classes/classes/MyArray.go:170.2,180.50 5 1
go_classes/classes/MyArray.go:180.50,182.3 1 0
go_classes/classes/MyArray.go:184.2,188.60 4 1
go_classes/classes/MyArray.go:188.60,190.3 1 1
go_classes/classes/MyArray.go:192.2,192.12 1 1
go_classes/classes/MyArray.go:195.56,197.16 2 1
go_classes/classes/MyArray.go:197.16,199.3 1 1
go_classes/classes/MyArray.go:200.2,204.47 3 1
go_classes/classes/MyArray.go:204.47,206.3 1 0
go_classes/classes/MyArray.go:207.2,207.51 1 1
go_classes/classes/MyArray.go:207.51,209.3 1 0
go_classes/classes/MyArray.go:211.2,211.34 1 1
go_classes/classes/MyArray.go:211.34,212.55 1 1
go_classes/classes/MyArray.go:212.55,214.4 1 0
go_classes/classes/MyArray.go:217.2,217.12 1 1
go_classes/classes/MyArray.go:220.56,222.16 2 1
go_classes/classes/MyArray.go:222.16,224.3 1 1
go_classes/classes/MyArray.go:225.2,230.49 4 1
go_classes/classes/MyArray.go:230.49,232.3 1 0
go_classes/classes/MyArray.go:233.2,233.53 1 1
go_classes/classes/MyArray.go:233.53,235.3 1 0
go_classes/classes/MyArray.go:237.2,241.34 4 1
go_classes/classes/MyArray.go:241.34,242.56 1 1
go_classes/classes/MyArray.go:242.56,244.4 1 0
go_classes/classes/MyArray.go:247.2,247.12 1 1
go_classes/classes/MyQueue.go:27.52,28.20 1 1
go_classes/classes/MyQueue.go:28.20,30.3 1 1
go_classes/classes/MyQueue.go:31.2,37.3 1 1
go_classes/classes/MyQueue.go:41.31,43.22 2 1
go_classes/classes/MyQueue.go:43.22,45.3 1 1
go_classes/classes/MyQueue.go:46.2,49.31 2 1
go_classes/classes/MyQueue.go:49.31,51.3 1 1
go_classes/classes/MyQueue.go:53.2,56.18 4 1
go_classes/classes/MyQueue.go:60.36,61.27 1 1
go_classes/classes/MyQueue.go:61.27,63.3 1 1
go_classes/classes/MyQueue.go:64.2,66.11 3 1
go_classes/classes/MyQueue.go:70.39,72.18 2 1
go_classes/classes/MyQueue.go:72.18,74.3 1 1
go_classes/classes/MyQueue.go:76.2,82.19 6 1
go_classes/classes/MyQueue.go:86.39,87.18 1 1
go_classes/classes/MyQueue.go:87.18,90.3 2 1
go_classes/classes/MyQueue.go:91.2,91.28 1 1
go_classes/classes/MyQueue.go:95.37,97.2 1 1
go_classes/classes/MyQueue.go:100.33,102.2 1 1
go_classes/classes/MyQueue.go:105.42,115.2 3 1
go_classes/classes/MyQueue.go:118.41,120.18 2 1
go_classes/classes/MyQueue.go:120.18,123.3 2 1
go_classes/classes/MyQueue.go:124.2,124.31 1 1
go_classes/classes/MyQueue.go:124.31,127.3 2 1
go_classes/classes/MyQueue.go:128.2,128.17 1 1
go_classes/classes/MyQueue.go:134.54,136.16 2 1
go_classes/classes/MyQueue.go:136.16,138.3 1 1
go_classes/classes/MyQueue.go:139.2,142.55 2 1
go_classes/classes/MyQueue.go:142.55,144.3 1 0
go_classes/classes/MyQueue.go:147.2,147.31 1 1
go_classes/classes/MyQueue.go:147.31,149.52 2 1
go_classes/classes/MyQueue.go:149.52,151.4 1 0
go_classes/classes/MyQueue.go:153.2,153.12 1 1
go_classes/classes/MyQueue.go:157.54,159.16 2 1
go_classes/classes/MyQueue.go:159.16,161.3 1 1
go_classes/classes/MyQueue.go:162.2,165.53 3 1
go_classes/classes/MyQueue.go:165.53,167.3 1 1
go_classes/classes/MyQueue.go:170.2,175.31 4 1
go_classes/classes/MyQueue.go:175.31,179.50 2 1
go_classes/classes/MyQueue.go:179.50,182.4 1 1
go_classes/classes/MyQueue.go:183.3,183.14 1 1
go_classes/classes/MyQueue.go:186.2,186.24 1 1
go_classes/classes/MyQueue.go:186.24,188.3 1 0
go_classes/classes/MyQueue.go:190.2,190.12 1 1
go_classes/classes/MyQueue.go:196.56,198.16 2 1
go_classes/classes/MyQueue.go:198.16,200.3 1 1
go_classes/classes/MyQueue.go:201.2,206.48 3 1
go_classes/classes/MyQueue.go:206.48,208.3 1 0
go_classes/classes/MyQueue.go:211.2,211.31 1 1
go_classes/classes/MyQueue.go:211.31,213.45 2 1
go_classes/classes/MyQueue.go:213.45,215.4 1 1
go_classes/classes/MyQueue.go:217.2,217.12 1 1
go_classes/classes/MyQueue.go:221.56,223.16 2 1
go_classes/classes/MyQueue.go:223.16,225.3 1 1
go_classes/classes/MyQueue.go:226.2,231.49 4 1
go_classes/classes/MyQueue.go:231.49,233.3 1 1
go_classes/classes/MyQueue.go:236.2,240.31 4 1
go_classes/classes/MyQueue.go:240.31,242.46 2 1
go_classes/classes/MyQueue.go:242.46,243.21 1 1
go_classes/classes/MyQueue.go:243.21,245.5 1 0
go_classes/classes/MyQueue.go:246.4,246.14 1 1
go_classes/classes/MyQueue.go:248.3,248.14 1 1
go_classes/classes/MyQueue.go:251.2,251.12 1 1
go_classes/classes/MyStack.go:16.38,20.2 1 1
go_classes/classes/MyStack.go:23.66,24.14 1 1
go_classes/classes/MyStack.go:24.14,26.3 1 1
go_classes/classes/MyStack.go:27.2,29.8 1 1
go_classes/classes/MyStack.go:33.36,35.2 1 1
go_classes/classes/MyStack.go:38.39,40.22 2 1
go_classes/classes/MyStack.go:40.22,42.3 1 1
go_classes/classes/MyStack.go:44.2,50.17 4 1
go_classes/classes/MyStack.go:54.33,56.2 1 1
go_classes/classes/MyStack.go:59.30,60.27 1 1
go_classes/classes/MyStack.go:60.27,62.3 1 1
go_classes/classes/MyStack.go:63.2,63.15 1 1
go_classes/classes/MyStack.go:67.42,71.2 3 1
go_classes/classes/MyStack.go:74.54,76.16 2 1
go_classes/classes/MyStack.go:76.16,78.3 1 1
go_classes/classes/MyStack.go:79.2,82.59 2 1
go_classes/classes/MyStack.go:82.59,84.3 1 0
go_classes/classes/MyStack.go:87.2,87.27 1 1
go_classes/classes/MyStack.go:87.27,88.56 1 1
go_classes/classes/MyStack.go:88.56,90.4 1 0
go_classes/classes/MyStack.go:92.2,92.12 1 1
go_classes/classes/MyStack.go:96.54,98.16 2 1
go_classes/classes/MyStack.go:98.16,100.3 1 1
go_classes/classes/MyStack.go:101.2,104.50 3 1
go_classes/classes/MyStack.go:104.50,106.3 1 1
go_classes/classes/MyStack.go:109.2,111.28 2 1
go_classes/classes/MyStack.go:111.28,114.50 2 1
go_classes/classes/MyStack.go:114.50,116.4 1 1
go_classes/classes/MyStack.go:117.3,117.14 1 1
go_classes/classes/MyStack.go:120.2,120.12 1 1
go_classes/classes/MyStack.go:124.56,126.16 2 1
go_classes/classes/MyStack.go:126.16,128.3 1 1
go_classes/classes/MyStack.go:129.2,132.47 3 1
go_classes/classes/MyStack.go:132.47,134.3 1 1
go_classes/classes/MyStack.go:136.2,136.12 1 1
go_classes/classes/MyStack.go:140.56,142.16 2 1
go_classes/classes/MyStack.go:142.16,144.3 1 1
go_classes/classes/MyStack.go:145.2,149.49 4 1
go_classes/classes/MyStack.go:149.49,151.3 1 1
go_classes/classes/MyStack.go:153.2,154.12 2 1
go_classes/classes/OpenTable.go:25.82,26.18 1 1
go_classes/classes/OpenTable.go:26.18,28.3 1 1
go_classes/classes/OpenTable.go:29.2,33.3 1 1
go_classes/classes/OpenTable.go:37.55,39.14 2 1
go_classes/classes/OpenTable.go:39.14,42.3 2 1
go_classes/classes/OpenTable.go:43.2,43.31 1 1
go_classes/classes/OpenTable.go:47.61,49.24 2 1
go_classes/classes/OpenTable.go:49.24,51.3 1 1
go_classes/classes/OpenTable.go:53.2,56.45 2 1
go_classes/classes/OpenTable.go:56.45,58.3 1 1
go_classes/classes/OpenTable.go:60.2,60.15 1 1
go_classes/classes/OpenTable.go:64.52,66.28 2 1
go_classes/classes/OpenTable.go:67.11,68.23 1 1
go_classes/classes/OpenTable.go:69.14,70.26 1 1
go_classes/classes/OpenTable.go:71.10,74.18 2 0
go_classes/classes/OpenTable.go:74.18,76.4 1 0
go_classes/classes/OpenTable.go:77.3,77.37 1 0
go_classes/classes/OpenTable.go:82.62,84.2 1 1
go_classes/classes/OpenTable.go:87.43,94.39 6 1
go_classes/classes/OpenTable.go:94.39,95.35 1 1
go_classes/classes/OpenTable.go:95.35,97.4 1 1
go_classes/classes/OpenTable.go:102.53,103.24 1 1
go_classes/classes/OpenTable.go:103.24,105.3 1 1
go_classes/classes/OpenTable.go:107.2,111.39 4 1
go_classes/classes/OpenTable.go:111.39,112.35 1 1
go_classes/classes/OpenTable.go:112.35,114.4 1 1
go_classes/classes/OpenTable.go:115.3,116.21 2 1
go_classes/classes/OpenTable.go:116.21,117.9 1 0
go_classes/classes/OpenTable.go:121.2,121.14 1 1
go_classes/classes/OpenTable.go:125.61,126.18 1 1
go_classes/classes/OpenTable.go:126.18,128.3 1 1
go_classes/classes/OpenTable.go:130.2,135.39 4 1
go_classes/classes/OpenTable.go:135.39,137.21 2 1
go_classes/classes/OpenTable.go:137.21,142.4 3 0
go_classes/classes/OpenTable.go:145.2,145.38 1 1
go_classes/classes/OpenTable.go:145.38,147.3 1 1
go_classes/classes/OpenTable.go:148.2,153.41 4 1
go_classes/classes/OpenTable.go:153.41,155.3 1 1
go_classes/classes/OpenTable.go:158.2,158.67 1 1
go_classes/classes/OpenTable.go:158.67,160.3 1 0
go_classes/classes/OpenTable.go:164.49,165.24 1 1
go_classes/classes/OpenTable.go:165.24,167.3 1 1
go_classes/classes/OpenTable.go:169.2,173.35 4 1
go_classes/classes/OpenTable.go:173.35,175.3 1 0
go_classes/classes/OpenTable.go:177.2,179.17 3 1
go_classes/classes/OpenTable.go:183.45,185.2 1 1
go_classes/classes/OpenTable.go:188.47,190.2 1 1
go_classes/classes/OpenTable.go:193.47,195.2 1 1
go_classes/classes/OpenTable.go:198.52,200.2 1 1
go_classes/classes/OpenTable.go:203.56,205.33 2 1
go_classes/classes/OpenTable.go:205.33,207.3 1 1
go_classes/classes/OpenTable.go:208.2,208.32 1 1
go_classes/classes/OpenTable.go:212.43,214.39 2 1
go_classes/classes/OpenTable.go:214.39,215.35 1 1
go_classes/classes/OpenTable.go:215.35,217.4 1 1
go_classes/classes/OpenTable.go:219.2,219.15 1 1
go_classes/classes/OpenTable.go:223.66,225.16 2 1
go_classes/classes/OpenTable.go:225.16,227.3 1 0
go_classes/classes/OpenTable.go:228.2,239.39 7 1
go_classes/classes/OpenTable.go:239.39,240.35 1 1
go_classes/classes/OpenTable.go:240.35,243.4 2 1
go_classes/classes/OpenTable.go:246.2,246.23 1 1
go_classes/classes/OpenTable.go:250.66,252.16 2 1
go_classes/classes/OpenTable.go:252.16,254.3 1 1
go_classes/classes/OpenTable.go:255.2,274.37 13 1
go_classes/classes/OpenTable.go:274.37,284.3 7 1
go_classes/classes/OpenTable.go:286.2,286.12 1 1
go_classes/classes/OpenTable.go:290.68,292.16 2 1
go_classes/classes/OpenTable.go:292.16,294.3 1 0
go_classes/classes/OpenTable.go:295.2,304.39 6 1
go_classes/classes/OpenTable.go:304.39,305.35 1 1
go_classes/classes/OpenTable.go:305.35,308.4 2 1
go_classes/classes/OpenTable.go:311.2,311.12 1 1
go_classes/classes/OpenTable.go:315.68,317.16 2 1
go_classes/classes/OpenTable.go:317.16,319.3 1 1
go_classes/classes/OpenTable.go:320.2,333.42 9 1
go_classes/classes/OpenTable.go:333.42,341.3 5 1
go_classes/classes/OpenTable.go:343.2,343.12 1 1
go_classes/classes/OpenTable.go:347.43,348.25 1 1
go_classes/classes/OpenTable.go:349.11,350.58 1 1
go_classes/classes/OpenTable.go:351.14,355.13 4 1
go_classes/classes/OpenTable.go:356.10,357.57 1 0
go_classes/classes/OpenTable.go:362.42,363.25 1 1
go_classes/classes/OpenTable.go:364.12,368.13 4 1
go_classes/classes/OpenTable.go:369.15,375.13 6 1
go_classes/classes/OpenTable.go:376.10,377.56 1 0
go_classes/classes/TableHash.go:21.43,22.17 1 1
go_classes/classes/TableHash.go:22.17,24.3 1 1
go_classes/classes/TableHash.go:25.2,30.28 2 1
go_classes/classes/TableHash.go:30.28,33.3 1 1
go_classes/classes/TableHash.go:34.2,34.11 1 1
go_classes/classes/TableHash.go:37.30,39.2 1 1
go_classes/classes/TableHash.go:41.35,41.59 1 1
go_classes/classes/TableHash.go:42.35,42.64 1 1
go_classes/classes/TableHash.go:45.41,47.2 1 1
go_classes/classes/TableHash.go:49.54,51.12 2 1
go_classes/classes/TableHash.go:51.12,53.3 1 0
go_classes/classes/TableHash.go:54.2,54.19 1 1
go_classes/classes/TableHash.go:58.49,61.32 3 1
go_classes/classes/TableHash.go:61.32,63.3 1 1
go_classes/classes/TableHash.go:65.2,66.38 2 1
go_classes/classes/TableHash.go:66.38,68.3 1 1
go_classes/classes/TableHash.go:69.2,69.26 1 1
go_classes/classes/TableHash.go:72.50,74.2 1 1
go_classes/classes/TableHash.go:79.103,81.45 1 1
go_classes/classes/TableHash.go:81.45,83.21 2 1
go_classes/classes/TableHash.go:83.21,85.4 1 1
go_classes/classes/TableHash.go:87.2,87.18 1 1
go_classes/classes/TableHash.go:90.95,93.53 2 1
go_classes/classes/TableHash.go:93.53,95.21 2 1
go_classes/classes/TableHash.go:95.21,96.19 1 1
go_classes/classes/TableHash.go:96.19,98.5 1 1
go_classes/classes/TableHash.go:98.10,100.5 1 1
go_classes/classes/TableHash.go:101.4,101.15 1 1
go_classes/classes/TableHash.go:103.3,103.13 1 1
go_classes/classes/TableHash.go:105.2,105.14 1 1
go_classes/classes/TableHash.go:109.48,110.24 1 1
go_classes/classes/TableHash.go:110.24,112.3 1 1
go_classes/classes/TableHash.go:113.2,115.14 3 1
go_classes/classes/TableHash.go:118.45,119.22 1 1
go_classes/classes/TableHash.go:119.22,121.3 1 1
go_classes/classes/TableHash.go:123.2,123.70 1 1
go_classes/classes/TableHash.go:123.70,125.3 1 1
go_classes/classes/TableHash.go:127.2,129.33 2 1
go_classes/classes/TableHash.go:129.33,131.3 1 1
go_classes/classes/TableHash.go:134.2,137.67 3 1
go_classes/classes/TableHash.go:137.67,139.3 1 0
go_classes/classes/TableHash.go:142.53,145.2 2 1
go_classes/classes/TableHash.go:147.41,148.24 1 1
go_classes/classes/TableHash.go:148.24,150.3 1 1
go_classes/classes/TableHash.go:152.2,154.19 3 1
go_classes/classes/TableHash.go:154.19,156.3 1 0
go_classes/classes/TableHash.go:158.2,159.14 2 1
go_classes/classes/TableHash.go:159.14,161.3 1 1
go_classes/classes/TableHash.go:163.2,164.19 2 1
go_classes/classes/TableHash.go:164.19,166.3 1 1
go_classes/classes/TableHash.go:169.30,170.28 1 1
go_classes/classes/TableHash.go:170.28,172.53 1 1
go_classes/classes/TableHash.go:172.53,174.10 2 1
go_classes/classes/TableHash.go:174.10,176.5 1 1
go_classes/classes/TableHash.go:179.2,179.15 1 1
go_classes/classes/TableHash.go:183.31,186.16 3 1
go_classes/classes/TableHash.go:186.16,188.3 1 0
go_classes/classes/TableHash.go:190.2,191.28 2 1
go_classes/classes/TableHash.go:191.28,193.3 1 1
go_classes/classes/TableHash.go:194.2,197.21 3 1
go_classes/classes/TableHash.go:197.21,198.46 1 1
go_classes/classes/TableHash.go:198.46,200.10 2 1
go_classes/classes/TableHash.go:200.10,202.5 1 1
go_classes/classes/TableHash.go:208.54,210.16 2 1
go_classes/classes/TableHash.go:210.16,212.3 1 1
go_classes/classes/TableHash.go:213.2,216.58 3 1
go_classes/classes/TableHash.go:216.58,218.3 1 0
go_classes/classes/TableHash.go:220.2,220.28 1 1
go_classes/classes/TableHash.go:220.28,221.53 1 1
go_classes/classes/TableHash.go:221.53,223.11 2 1
go_classes/classes/TableHash.go:223.11,224.13 1 0
go_classes/classes/TableHash.go:226.4,226.51 1 1
go_classes/classes/TableHash.go:226.51,228.5 1 0
go_classes/classes/TableHash.go:231.2,231.18 1 1
go_classes/classes/TableHash.go:234.54,236.16 2 1
go_classes/classes/TableHash.go:236.16,238.3 1 1
go_classes/classes/TableHash.go:239.2,245.46 5 1
go_classes/classes/TableHash.go:245.46,247.3 1 0
go_classes/classes/TableHash.go:249.2,249.25 1 1
go_classes/classes/TableHash.go:249.25,251.51 2 1
go_classes/classes/TableHash.go:251.51,253.4 1 0
go_classes/classes/TableHash.go:254.3,254.15 1 1
go_classes/classes/TableHash.go:256.2,256.12 1 1
go_classes/classes/TableHash.go:260.44,262.2 1 1
go_classes/classes/TableHash.go:263.44,265.2 1 1
go_classes/classes/TableHash.go:267.47,269.64 2 1
go_classes/classes/TableHash.go:269.64,271.3 1 0
go_classes/classes/TableHash.go:272.2,272.12 1 1
go_classes/classes/TableHash.go:272.12,274.3 1 1
go_classes/classes/TableHash.go:275.2,276.12 2 1
go_classes/classes/TableHash.go:279.46,281.64 2 1
go_classes/classes/TableHash.go:281.64,283.3 1 0
go_classes/classes/TableHash.go:284.2,284.12 1 1
go_classes/classes/TableHash.go:284.12,286.3 1 1
go_classes/classes/TableHash.go:287.2,288.47 2 1
go_classes/classes/TableHash.go:288.47,290.3 1 0
go_classes/classes/TableHash.go:291.2,291.25 1 1
go_classes/classes/TableHash.go:294.56,296.16 2 1
go_classes/classes/TableHash.go:296.16,298.3 1 0
go_classes/classes/TableHash.go:299.2,301.59 2 1
go_classes/classes/TableHash.go:301.59,303.3 1 0
go_classes/classes/TableHash.go:305.2,305.28 1 1
go_classes/classes/TableHash.go:305.28,306.53 1 1
go_classes/classes/TableHash.go:306.53,308.11 2 1
go_classes/classes/TableHash.go:308.11,309.13 1 0
go_classes/classes/TableHash.go:311.4,311.44 1 1
go_classes/classes/TableHash.go:311.44,313.5 1 0
go_classes/classes/TableHash.go:314.4,314.44 1 1
go_classes/classes/TableHash.go:314.44,316.5 1 0
go_classes/classes/TableHash.go:319.2,319.12 1 1
go_classes/classes/TableHash.go:322.56,324.16 2 1
go_classes/classes/TableHash.go:324.16,326.3 1 1
go_classes/classes/TableHash.go:327.2,332.39 4 1
go_classes/classes/TableHash.go:332.39,334.3 1 0
go_classes/classes/TableHash.go:336.2,336.33 1 1
go_classes/classes/TableHash.go:336.33,338.17 2 1
go_classes/classes/TableHash.go:338.17,340.4 1 0
go_classes/classes/TableHash.go:341.3,342.17 2 1
go_classes/classes/TableHash.go:342.17,344.4 1 0
go_classes/classes/TableHash.go:345.3,345.15 1 1
go_classes/classes/TableHash.go:347.2,347.12 1 1
